Performing C SOURCE FILE Test CMAKE_HAVE_LIBC_PTHREAD failed with the following output:
Change Dir: /home/jcosta/workspace/ROS/crawler/build/CMakeFiles/CMakeTmp

Run Build Command(s):/usr/bin/make cmTC_834e4/fast && /usr/bin/make -f CMakeFiles/cmTC_834e4.dir/build.make CMakeFiles/cmTC_834e4.dir/build
make[1]: Entering directory '/home/jcosta/workspace/ROS/crawler/build/CMakeFiles/CMakeTmp'
Building C object CMakeFiles/cmTC_834e4.dir/src.c.o
/usr/bin/cc   -DCMAKE_HAVE_LIBC_PTHREAD   -o CMakeFiles/cmTC_834e4.dir/src.c.o   -c /home/jcosta/workspace/ROS/crawler/build/CMakeFiles/CMakeTmp/src.c
Linking C executable cmTC_834e4
/usr/bin/cmake -E cmake_link_script CMakeFiles/cmTC_834e4.dir/link.txt --verbose=1
/usr/bin/cc  -DCMAKE_HAVE_LIBC_PTHREAD    -rdynamic CMakeFiles/cmTC_834e4.dir/src.c.o  -o cmTC_834e4 
/usr/bin/ld: CMakeFiles/cmTC_834e4.dir/src.c.o: in function `main':
src.c:(.text+0x46): undefined reference to `pthread_create'
/usr/bin/ld: src.c:(.text+0x52): undefined reference to `pthread_detach'
/usr/bin/ld: src.c:(.text+0x63): undefined reference to `pthread_join'
collect2: error: ld returned 1 exit status
make[1]: *** [CMakeFiles/cmTC_834e4.dir/build.make:87: cmTC_834e4] Error 1
make[1]: Leaving directory '/home/jcosta/workspace/ROS/crawler/build/CMakeFiles/CMakeTmp'
make: *** [Makefile:121: cmTC_834e4/fast] Error 2


Source file was:
#include <pthread.h>

void* test_func(void* data)
{
  return data;
}

int main(void)
{
  pthread_t thread;
  pthread_create(&thread, NULL, test_func, NULL);
  pthread_detach(thread);
  pthread_join(thread, NULL);
  pthread_atfork(NULL, NULL, NULL);
  pthread_exit(NULL);

  return 0;
}

Determining if the function pthread_create exists in the pthreads failed with the following output:
Change Dir: /home/jcosta/workspace/ROS/crawler/build/CMakeFiles/CMakeTmp

Run Build Command(s):/usr/bin/make cmTC_e7e1d/fast && /usr/bin/make -f CMakeFiles/cmTC_e7e1d.dir/build.make CMakeFiles/cmTC_e7e1d.dir/build
make[1]: Entering directory '/home/jcosta/workspace/ROS/crawler/build/CMakeFiles/CMakeTmp'
Building C object CMakeFiles/cmTC_e7e1d.dir/CheckFunctionExists.c.o
/usr/bin/cc   -DCHECK_FUNCTION_EXISTS=pthread_create   -o CMakeFiles/cmTC_e7e1d.dir/CheckFunctionExists.c.o   -c /usr/share/cmake-3.16/Modules/CheckFunctionExists.c
Linking C executable cmTC_e7e1d
/usr/bin/cmake -E cmake_link_script CMakeFiles/cmTC_e7e1d.dir/link.txt --verbose=1
/usr/bin/cc  -DCHECK_FUNCTION_EXISTS=pthread_create    -rdynamic CMakeFiles/cmTC_e7e1d.dir/CheckFunctionExists.c.o  -o cmTC_e7e1d  -lpthreads 
/usr/bin/ld: cannot find -lpthreads
collect2: error: ld returned 1 exit status
make[1]: *** [CMakeFiles/cmTC_e7e1d.dir/build.make:87: cmTC_e7e1d] Error 1
make[1]: Leaving directory '/home/jcosta/workspace/ROS/crawler/build/CMakeFiles/CMakeTmp'
make: *** [Makefile:121: cmTC_e7e1d/fast] Error 2



Determining if the pthread_create exist failed with the following output:
Change Dir: /home/jcosta/workspace/ROS/crawler/build/CMakeFiles/CMakeTmp

Run Build Command:"/usr/bin/make" "cmTC_a6f6b/fast"
/usr/bin/make -f CMakeFiles/cmTC_a6f6b.dir/build.make CMakeFiles/cmTC_a6f6b.dir/build
make[1]: Entering directory '/home/jcosta/workspace/ROS/crawler/build/CMakeFiles/CMakeTmp'
Building C object CMakeFiles/cmTC_a6f6b.dir/CheckSymbolExists.c.o
/usr/bin/cc    -o CMakeFiles/cmTC_a6f6b.dir/CheckSymbolExists.c.o   -c /home/jcosta/workspace/ROS/crawler/build/CMakeFiles/CMakeTmp/CheckSymbolExists.c
Linking C executable cmTC_a6f6b
/usr/bin/cmake -E cmake_link_script CMakeFiles/cmTC_a6f6b.dir/link.txt --verbose=1
/usr/bin/cc      -rdynamic CMakeFiles/cmTC_a6f6b.dir/CheckSymbolExists.c.o  -o cmTC_a6f6b 
CMakeFiles/cmTC_a6f6b.dir/CheckSymbolExists.c.o: In function `main':
CheckSymbolExists.c:(.text+0x1b): undefined reference to `pthread_create'
collect2: error: ld returned 1 exit status
CMakeFiles/cmTC_a6f6b.dir/build.make:97: recipe for target 'cmTC_a6f6b' failed
make[1]: *** [cmTC_a6f6b] Error 1
make[1]: Leaving directory '/home/jcosta/workspace/ROS/crawler/build/CMakeFiles/CMakeTmp'
Makefile:126: recipe for target 'cmTC_a6f6b/fast' failed
make: *** [cmTC_a6f6b/fast] Error 2

File /home/jcosta/workspace/ROS/crawler/build/CMakeFiles/CMakeTmp/CheckSymbolExists.c:
/* */
#include <pthread.h>

int main(int argc, char** argv)
{
  (void)argv;
#ifndef pthread_create
  return ((int*)(&pthread_create))[argc];
#else
  (void)argc;
  return 0;
#endif
}

